
ROM used:   739/8192 (9%)
            739/8192 (9%) including unused fragments

            0.6 Average locations per line
            6.0 Average locations per statement

RAM used:   8/368 (2%) at main() level
            22/368 (6%) worst case

Stack used: 0 worst case (0 in main + 0 for interrupts)
Stack size: 8

Lines Stmts  %   Files
----- ----- ---  -----
   44    23  19  deneme.c
  661     0   0  ..\..\..\..\Program Files (x86)\PICC\Devices\16F877A.h
  456   100  81  ..\..\..\..\Program Files (x86)\PICC\Drivers\lcd.c
----- -----
 1161   123 Total

Page ROM  %  RAM   Vol Diff  Functions:
---- --- --- ---   --- ----  ----------
0     20   3    1             @delay_ms1
0      8   1    0             @const626
 Inline         3   760  4.5  lcd_read_byte
0     57   8    2   262  3.7  lcd_read_nibble
0     56   8    1   399  2.4  lcd_send_nibble
0    136  18    3   415  3.7  lcd_send_byte
0     93  13    2   704  5.0  lcd_init
0     18   2    4   208  6.3  lcd_gotoxy
0     44   6    1   354  4.7  lcd_putc
0    118  16    1   658  4.3  MAIN
0      6   1    0             @const662
0     75  10    4             @PSTRINGC7_646
0      6   1    0             @const664
0      7   1    0             @const665
0      8   1    0             @const666
0      7   1    0             @const667
0     21   3    3             @DIV88
0     55   7    2             @PRINTF_U_646
 Inline         0             @cinit1

Program metrics:
    Functions               8
    Statements              123
    Comments                237
    Volume (V)              5714
    Difficulty (D)          32.8
    Effort to implement (E) 187241
    Time to implement (T)   2 hours, 53 minutes
    Est Delivered Bugs (B)  1
    Cyclomatic Complexity   9
    Maintainability (MI)    134

 Segment     Used  Free
-----------  ----  ----
00000-00003     4  0  
00004-007FF   735  1309  
00800-00FFF     0  2048  
01000-017FF     0  2048  
01800-01FFF     0  2048  



