
ROM used:   923/8192 (11%)
            923/8192 (11%) including unused fragments

            0.7 Average locations per line
            5.8 Average locations per statement

RAM used:   21/368 (6%) at main() level
            37/368 (10%) worst case

Stack used: 0 worst case (0 in main + 0 for interrupts)
Stack size: 8

Lines Stmts  %   Files
----- ----- ---  -----
   88    24  15  DHT 11 Okuma.c
  661     0   0  ..\..\..\..\Program Files (x86)\PICC\Devices\16F877A.h
   76    34  22  DHT11.C
  456   100  63  ..\..\..\..\Program Files (x86)\PICC\Drivers\lcd.c
----- -----
 1281   158 Total

Page ROM  %  RAM   Vol Diff  Functions:
---- --- --- ---   --- ----  ----------
0     21   2    1             @delay_ms1
 Inline         0    32  1.0  dht_init
 Inline         3   356  6.8  leer_dht_dat
0    152  16    6   595  4.7  read_dht
0      8   1    0             @const637
 Inline         3   760  4.5  lcd_read_byte
0     49   5    2   262  3.7  lcd_read_nibble
0     43   5    1   399  2.4  lcd_send_nibble
0     92  10    3   415  3.7  lcd_send_byte
0     61   7    2   704  5.0  lcd_init
0     18   2    4   208  6.3  lcd_gotoxy
0     44   5    1   354  4.7  lcd_putc
0    140  15    1   669  4.3  MAIN
0      5   1    0             @const676
0     77   8    4             @PSTRINGC7_656
0      9   1    0             @const680
0     84   9    5             @PSTRINGCN7_656
0     21   2    3             @DIV88
0     87   9    6             @PRINTF_D_656
0      8   1    0             @const689
 Inline         0             @cinit1

Program metrics:
    Functions               11
    Statements              158
    Comments                301
    Volume (V)              7551
    Difficulty (D)          45.6
    Effort to implement (E) 344151
    Time to implement (T)   5 hours, 19 minutes
    Est Delivered Bugs (B)  2
    Cyclomatic Complexity   15
    Maintainability (MI)    142

 Segment     Used  Free
-----------  ----  ----
00000-00003     4  0  
00004-007FF   919  1125  
00800-00FFF     0  2048  
01000-017FF     0  2048  
01800-01FFF     0  2048  



